<?xml version="1.0" encoding="UTF-8"?>
<!-- Generated by org.testng.reporters.JUnitXMLReporter -->
<testsuite hostname="DESKTOP-RR053FN" ignored="0" name="LoginTest" tests="1" failures="1" timestamp="2020-02-27T20:57:24 CST" time="0.036" errors="0">
  <testcase name="validuserShouldLogin" time="0.0" classname="test.LoginTest">
    <failure type="org.testng.TestNGException" message="
Parameter &amp;apos;UserName&amp;apos; is required by @Test on method validuserShouldLogin but has not been marked @Optional or defined
in C:\Users\14698\SeleniumFall2019\ADataDrivenxml\data\login.xml">
      <![CDATA[org.testng.TestNGException: 
Parameter 'UserName' is required by @Test on method validuserShouldLogin but has not been marked @Optional or defined
in C:\Users\14698\SeleniumFall2019\ADataDrivenxml\data\login.xml
at java.util.ArrayList.forEach(ArrayList.java:1257)
... Removed 26 stack frames]]>
    </failure>
  </testcase> <!-- validuserShouldLogin -->
</testsuite> <!-- LoginTest -->
