<?xml version="1.0" encoding="UTF-8"?>
<!-- Generated by org.testng.reporters.JUnitXMLReporter -->
<testsuite hostname="DESKTOP-RR053FN" ignored="0" name="Command line test" tests="1" failures="1" timestamp="28 Feb 2020 02:43:07 GMT" time="0.012" errors="0">
  <testcase name="validuserShouldLogin" time="0.0" classname="test.LoginTest">
    <failure type="org.testng.TestNGException" message="
Parameter &amp;apos;UserName&amp;apos; is required by @Test on method validuserShouldLogin but has not been marked @Optional or defined
">
      <![CDATA[org.testng.TestNGException: 
Parameter 'UserName' is required by @Test on method validuserShouldLogin but has not been marked @Optional or defined

... Removed 32 stack frames]]>
    </failure>
  </testcase> <!-- validuserShouldLogin -->
</testsuite> <!-- Command line test -->
